(qdurot)Running: Start Machine	[ exec-time =    17 ms ]
(qdurot)Running: Boil Water	[ exec-time =    39 ms ]
(qdurot)Running: Make Coffee	[ exec-time = 2.036  s ]
(qdurot)Running: Start Machine	[ exec-time =    17 ms ]
(qdurot)Running: Boil Water	[ exec-time =    37 ms ]
(qdurot)Running: Make Coffee	[ exec-time = 2.061  s ]
(qdurot)Running: Start Machine	[ exec-time =    15 ms ]
(qdurot)Running: Boil Water	[ exec-time =    37 ms ]
(qdurot)Running: Make Coffee	[ exec-time = 2.054  s ]
(qdurot)Running: Start Machine	[ exec-time =    15 ms ]
(qdurot)Running: Boil Water	[ exec-time =    46 ms ]
(qdurot)Running: Make Coffee	[ exec-time = 2.074  s ]
(qdurot)Running: Start Machine	[ exec-time =    31 ms ]
(qdurot)Running: Make Coffee	[ exec-time =   321 ms ]
(qdurot)Running: Start Machine	[ exec-time =    27 ms ]
(qdurot)Running: Make Coffee	[ exec-time =   312 ms ]
(qdurot)Running: Add Water	[ exec-time = 5.005  s ]
(qdurot)Running: Start Machine	[ exec-time =    16 ms ]
(qdurot)Running: Boil Water	[ exec-time =    35 ms ]
(qdurot)Running: Make Coffee	[ exec-time = 2.086  s ]
(qdurot)Running: Start Machine	[ exec-time =    37 ms ]
(qdurot)Running: Boil Water	[ exec-time =    37 ms ]
(qdurot)Running: Make Coffee	[ exec-time = 2.074  s ]
(qdurot)Running: Start Machine	[ exec-time =    21 ms ]
(qdurot)Running: Boil Water	[ exec-time =    45 ms ]
(qdurot)Running: Make Coffee	[ exec-time = 2.065  s ]
(qdurot)Running: Start Machine	[ exec-time =    14 ms ]
(qdurot)Running: Boil Water	[ exec-time =    36 ms ]
(qdurot)Running: Make Coffee	[ exec-time = 2.055  s ]
(qdurot)Running: Start Machine	[ exec-time =    33 ms ]
(qdurot)Running: Make Coffee	[ exec-time =   389 ms ]
(qdurot)Running: Start Machine	[ exec-time =    27 ms ]
(qdurot)Running: Make Coffee	[ exec-time =   278 ms ]
(qdurot)Running: Add Water	[ exec-time = 5.005  s ]
